Building DAG of jobs...
Using shell: /usr/bin/bash
Provided cores: 6
Rules claiming more threads will be scaled down.
Job stats:
job      count
-----  -------
all          1
root         8
tree         8
total       17

Select jobs to execute...

[Tue Jul 15 18:24:23 2025]
Job 4: Building tree
Reason: Missing output files: results/trees_unrooted/h3nx_pb2.nwk


        augur tree             --alignment data/alignments/h3nx_pb2.fasta             --output results/trees_unrooted/h3nx_pb2.nwk             --method iqtree             --nthreads 1
        

[Tue Jul 15 18:24:23 2025]
Job 6: Building tree
Reason: Missing output files: results/trees_unrooted/h3nx_pb1.nwk


        augur tree             --alignment data/alignments/h3nx_pb1.fasta             --output results/trees_unrooted/h3nx_pb1.nwk             --method iqtree             --nthreads 1
        

[Tue Jul 15 18:24:23 2025]
Job 8: Building tree
Reason: Missing output files: results/trees_unrooted/h3nx_na.nwk


        augur tree             --alignment data/alignments/h3nx_na.fasta             --output results/trees_unrooted/h3nx_na.nwk             --method iqtree             --nthreads 1
        

[Tue Jul 15 18:24:23 2025]
Job 10: Building tree
Reason: Missing output files: results/trees_unrooted/h3nx_np.nwk


        augur tree             --alignment data/alignments/h3nx_np.fasta             --output results/trees_unrooted/h3nx_np.nwk             --method iqtree             --nthreads 1
        

[Tue Jul 15 18:24:23 2025]
Job 12: Building tree
Reason: Missing output files: results/trees_unrooted/h3nx_pa.nwk


        augur tree             --alignment data/alignments/h3nx_pa.fasta             --output results/trees_unrooted/h3nx_pa.nwk             --method iqtree             --nthreads 1
        

[Tue Jul 15 18:24:23 2025]
Job 2: Building tree
Reason: Missing output files: results/trees_unrooted/h3nx_ha.nwk


        augur tree             --alignment data/alignments/h3nx_ha.fasta             --output results/trees_unrooted/h3nx_ha.nwk             --method iqtree             --nthreads 1
        
[Tue Jul 15 18:24:40 2025]
Finished job 10.
1 of 17 steps (6%) done
Select jobs to execute...

[Tue Jul 15 18:24:40 2025]
Job 9: Inferring root
Reason: Missing output files: results/trees_rooted/h3nx_np_rooted/rerooted.newick; Input files updated by another job: results/trees_unrooted/h3nx_np.nwk


		treetime clock 			--tree results/trees_unrooted/h3nx_np.nwk 			--dates data/strain_dates.csv 			--aln data/alignments/h3nx_np.fasta 			--outdir "results/trees_rooted/h3nx_np_rooted"
        
[Tue Jul 15 18:24:41 2025]
Finished job 9.
2 of 17 steps (12%) done
Select jobs to execute...

[Tue Jul 15 18:24:41 2025]
Job 16: Building tree
Reason: Missing output files: results/trees_unrooted/h3nx_mp.nwk


        augur tree             --alignment data/alignments/h3nx_mp.fasta             --output results/trees_unrooted/h3nx_mp.nwk             --method iqtree             --nthreads 1
        
[Tue Jul 15 18:24:45 2025]
Finished job 8.
3 of 17 steps (18%) done
Select jobs to execute...

[Tue Jul 15 18:24:45 2025]
Job 7: Inferring root
Reason: Missing output files: results/trees_rooted/h3nx_na_rooted/rerooted.newick; Input files updated by another job: results/trees_unrooted/h3nx_na.nwk


		treetime clock 			--tree results/trees_unrooted/h3nx_na.nwk 			--dates data/strain_dates.csv 			--aln data/alignments/h3nx_na.fasta 			--outdir "results/trees_rooted/h3nx_na_rooted"
        
[Tue Jul 15 18:24:45 2025]
Finished job 2.
4 of 17 steps (24%) done
Select jobs to execute...

[Tue Jul 15 18:24:45 2025]
Job 1: Inferring root
Reason: Missing output files: results/trees_rooted/h3nx_ha_rooted/rerooted.newick; Input files updated by another job: results/trees_unrooted/h3nx_ha.nwk


		treetime clock 			--tree results/trees_unrooted/h3nx_ha.nwk 			--dates data/strain_dates.csv 			--aln data/alignments/h3nx_ha.fasta 			--outdir "results/trees_rooted/h3nx_ha_rooted"
        
[Tue Jul 15 18:24:46 2025]
Finished job 7.
5 of 17 steps (29%) done
Select jobs to execute...

[Tue Jul 15 18:24:46 2025]
Job 14: Building tree
Reason: Missing output files: results/trees_unrooted/h3nx_ns.nwk


        augur tree             --alignment data/alignments/h3nx_ns.fasta             --output results/trees_unrooted/h3nx_ns.nwk             --method iqtree             --nthreads 1
        
[Tue Jul 15 18:24:46 2025]
Finished job 1.
6 of 17 steps (35%) done
[Tue Jul 15 18:24:49 2025]
Finished job 12.
7 of 17 steps (41%) done
Select jobs to execute...

[Tue Jul 15 18:24:49 2025]
Job 11: Inferring root
Reason: Missing output files: results/trees_rooted/h3nx_pa_rooted/rerooted.newick; Input files updated by another job: results/trees_unrooted/h3nx_pa.nwk


		treetime clock 			--tree results/trees_unrooted/h3nx_pa.nwk 			--dates data/strain_dates.csv 			--aln data/alignments/h3nx_pa.fasta 			--outdir "results/trees_rooted/h3nx_pa_rooted"
        
[Tue Jul 15 18:24:50 2025]
Finished job 11.
8 of 17 steps (47%) done
[Tue Jul 15 18:24:52 2025]
Finished job 6.
9 of 17 steps (53%) done
Select jobs to execute...

[Tue Jul 15 18:24:52 2025]
Job 5: Inferring root
Reason: Missing output files: results/trees_rooted/h3nx_pb1_rooted/rerooted.newick; Input files updated by another job: results/trees_unrooted/h3nx_pb1.nwk


		treetime clock 			--tree results/trees_unrooted/h3nx_pb1.nwk 			--dates data/strain_dates.csv 			--aln data/alignments/h3nx_pb1.fasta 			--outdir "results/trees_rooted/h3nx_pb1_rooted"
        
[Tue Jul 15 18:24:53 2025]
Finished job 4.
10 of 17 steps (59%) done
Select jobs to execute...

[Tue Jul 15 18:24:53 2025]
Job 3: Inferring root
Reason: Missing output files: results/trees_rooted/h3nx_pb2_rooted/rerooted.newick; Input files updated by another job: results/trees_unrooted/h3nx_pb2.nwk


		treetime clock 			--tree results/trees_unrooted/h3nx_pb2.nwk 			--dates data/strain_dates.csv 			--aln data/alignments/h3nx_pb2.fasta 			--outdir "results/trees_rooted/h3nx_pb2_rooted"
        
[Tue Jul 15 18:24:53 2025]
Finished job 16.
11 of 17 steps (65%) done
Select jobs to execute...

[Tue Jul 15 18:24:53 2025]
Job 15: Inferring root
Reason: Missing output files: results/trees_rooted/h3nx_mp_rooted/rerooted.newick; Input files updated by another job: results/trees_unrooted/h3nx_mp.nwk


		treetime clock 			--tree results/trees_unrooted/h3nx_mp.nwk 			--dates data/strain_dates.csv 			--aln data/alignments/h3nx_mp.fasta 			--outdir "results/trees_rooted/h3nx_mp_rooted"
        
[Tue Jul 15 18:24:54 2025]
Finished job 5.
12 of 17 steps (71%) done
[Tue Jul 15 18:24:55 2025]
Finished job 3.
13 of 17 steps (76%) done
[Tue Jul 15 18:24:55 2025]
Finished job 15.
14 of 17 steps (82%) done
[Tue Jul 15 18:24:59 2025]
Finished job 14.
15 of 17 steps (88%) done
Select jobs to execute...

[Tue Jul 15 18:24:59 2025]
Job 13: Inferring root
Reason: Missing output files: results/trees_rooted/h3nx_ns_rooted/rerooted.newick; Input files updated by another job: results/trees_unrooted/h3nx_ns.nwk


		treetime clock 			--tree results/trees_unrooted/h3nx_ns.nwk 			--dates data/strain_dates.csv 			--aln data/alignments/h3nx_ns.fasta 			--outdir "results/trees_rooted/h3nx_ns_rooted"
        
[Tue Jul 15 18:25:01 2025]
Finished job 13.
16 of 17 steps (94%) done
Select jobs to execute...

[Tue Jul 15 18:25:01 2025]
localrule all:
    input: results/trees_rooted/h3nx_ha_rooted/rerooted.newick, results/trees_rooted/h3nx_pb2_rooted/rerooted.newick, results/trees_rooted/h3nx_pb1_rooted/rerooted.newick, results/trees_rooted/h3nx_na_rooted/rerooted.newick, results/trees_rooted/h3nx_np_rooted/rerooted.newick, results/trees_rooted/h3nx_pa_rooted/rerooted.newick, results/trees_rooted/h3nx_ns_rooted/rerooted.newick, results/trees_rooted/h3nx_mp_rooted/rerooted.newick
    jobid: 0
    reason: Input files updated by another job: results/trees_rooted/h3nx_pb2_rooted/rerooted.newick, results/trees_rooted/h3nx_pb1_rooted/rerooted.newick, results/trees_rooted/h3nx_pa_rooted/rerooted.newick, results/trees_rooted/h3nx_na_rooted/rerooted.newick, results/trees_rooted/h3nx_np_rooted/rerooted.newick, results/trees_rooted/h3nx_ha_rooted/rerooted.newick, results/trees_rooted/h3nx_ns_rooted/rerooted.newick, results/trees_rooted/h3nx_mp_rooted/rerooted.newick
    resources: tmpdir=/tmp

[Tue Jul 15 18:25:01 2025]
Finished job 0.
17 of 17 steps (100%) done
Complete log: .snakemake/log/2025-07-15T182423.354808.snakemake.log
