Building DAG of jobs...
Using shell: /usr/bin/bash
Provided cores: 6
Rules claiming more threads will be scaled down.
Job stats:
job          count
---------  -------
all              1
ancestral        1
export           1
traits           1
translate        1
total            5

Resources before job selection: {'_cores': 6, '_nodes': 9223372036854775807}
Ready jobs (2)
Select jobs to execute...
Selected jobs (2)
Resources after job selection: {'_cores': 4, '_nodes': 9223372036854775805}

[Thu Jul 10 15:05:16 2025]
Job 2: Inferring ancestral traits for host country region subtype order
Reason: Missing output files: summary_95/traits/traits_h3nx_ha.json


        augur traits             --tree summary_95_CV/summary.nwk             --metadata data/meta/h3nx_ha.csv             --output summary_95/traits/traits_h3nx_ha.json             --columns host country region subtype order             --confidence
        

[Thu Jul 10 15:05:16 2025]
Job 3: Reconstructing ancestral sequences and mutations
Reason: Missing output files: summary_95/div_tree/nt_muts/nt-muts_h3nx_ha.json


        augur ancestral             --tree summary_95_CV/summary.nwk             --alignment data/alignments/h3nx_ha.fasta             --output-node-data summary_95/div_tree/nt_muts/nt-muts_h3nx_ha.json             --inference joint            --keep-ambiguous
        
[Thu Jul 10 15:05:18 2025]
Finished job 3.
1 of 5 steps (20%) done
Resources before job selection: {'_cores': 5, '_nodes': 9223372036854775806}
Ready jobs (1)
Select jobs to execute...
Selected jobs (1)
Resources after job selection: {'_cores': 4, '_nodes': 9223372036854775805}

[Thu Jul 10 15:05:18 2025]
Job 4: Translating amino acid sequences
Reason: Missing output files: summary_95/div_tree/aa_muts/aa-muts_h3nx_ha.json; Input files updated by another job: summary_95/div_tree/nt_muts/nt-muts_h3nx_ha.json


        augur translate             --tree summary_95_CV/summary.nwk             --ancestral-sequences summary_95/div_tree/nt_muts/nt-muts_h3nx_ha.json             --reference-sequence data/config/ref/h3nx_ha.gb             --output summary_95/div_tree/aa_muts/aa-muts_h3nx_ha.json
        
[Thu Jul 10 15:05:18 2025]
Finished job 4.
2 of 5 steps (40%) done
[Thu Jul 10 15:05:20 2025]
Finished job 2.
3 of 5 steps (60%) done
Resources before job selection: {'_cores': 6, '_nodes': 9223372036854775807}
Ready jobs (1)
Select jobs to execute...
Selected jobs (1)
Resources after job selection: {'_cores': 5, '_nodes': 9223372036854775806}

[Thu Jul 10 15:05:20 2025]
Job 1: Exporting data files for for auspice
Reason: Missing output files: summary_95/treesort_auspice/treesort_ha_h3nx.json; Input files updated by another job: summary_95/traits/traits_h3nx_ha.json, summary_95/div_tree/nt_muts/nt-muts_h3nx_ha.json, summary_95/div_tree/aa_muts/aa-muts_h3nx_ha.json


        augur export v2             --tree summary_95_CV/summary.nwk             --metadata data/meta/h3nx_ha.csv             --node-data summary_95_CV/summary_reassortment.json summary_95/traits/traits_h3nx_ha.json summary_95/div_tree/nt_muts/nt-muts_h3nx_ha.json summary_95/div_tree/aa_muts/aa-muts_h3nx_ha.json            --auspice-config data/config/auspice_config_h3nx.json             --include-root-sequence 			--colors data/config/colors_h3nx.tsv 			--lat-longs data/config/lat_longs_h3nx.tsv             --output summary_95/treesort_auspice/treesort_ha_h3nx.json
        
[Thu Jul 10 15:05:21 2025]
Finished job 1.
4 of 5 steps (80%) done
Resources before job selection: {'_cores': 6, '_nodes': 9223372036854775807}
Ready jobs (1)
Select jobs to execute...
Selected jobs (1)
Resources after job selection: {'_cores': 5, '_nodes': 9223372036854775806}

[Thu Jul 10 15:05:21 2025]
localrule all:
    input: summary_95/treesort_auspice/treesort_ha_h3nx.json
    jobid: 0
    reason: Input files updated by another job: summary_95/treesort_auspice/treesort_ha_h3nx.json
    resources: tmpdir=/tmp

[Thu Jul 10 15:05:21 2025]
Finished job 0.
5 of 5 steps (100%) done
Complete log: .snakemake/log/2025-07-10T150516.633861.snakemake.log
unlocking
removing lock
removing lock
removed all locks
