Building DAG of jobs...
Using shell: /usr/bin/bash
Provided cores: 6
Rules claiming more threads will be scaled down.
Job stats:
job          count
---------  -------
all              1
ancestral        1
export           1
translate        1
total            4

Select jobs to execute...

[Wed Jul 23 17:36:08 2025]
Job 3: Reconstructing ancestral sequences and mutations
Reason: Missing output files: summary_95/div_tree/nt_muts/nt-muts_h3nx_ha.json


        augur ancestral             --tree data/tree/summary.nwk             --alignment data/alignments/h3nx_ha.fasta             --output-node-data summary_95/div_tree/nt_muts/nt-muts_h3nx_ha.json             --inference joint            --keep-ambiguous
        
[Wed Jul 23 17:36:09 2025]
Finished job 3.
1 of 4 steps (25%) done
Select jobs to execute...

[Wed Jul 23 17:36:09 2025]
Job 4: Translating amino acid sequences
Reason: Missing output files: summary_95/div_tree/aa_muts/aa-muts_h3nx_ha.json; Input files updated by another job: summary_95/div_tree/nt_muts/nt-muts_h3nx_ha.json


        augur translate             --tree data/tree/summary.nwk             --ancestral-sequences summary_95/div_tree/nt_muts/nt-muts_h3nx_ha.json             --reference-sequence data/config/ref/h3nx_ha.gb             --output summary_95/div_tree/aa_muts/aa-muts_h3nx_ha.json
        
[Wed Jul 23 17:36:09 2025]
Finished job 4.
2 of 4 steps (50%) done
Select jobs to execute...

[Wed Jul 23 17:36:09 2025]
Job 1: Exporting data files for for auspice
Reason: Missing output files: summary_95/treesort_auspice/treesort_ha_h3nx.json; Input files updated by another job: summary_95/div_tree/aa_muts/aa-muts_h3nx_ha.json, summary_95/div_tree/nt_muts/nt-muts_h3nx_ha.json


        augur export v2             --tree data/tree/summary.nwk             --metadata data/meta/h3nx_ha.csv             --node-data data/summary_reassortment.json summary_95/traits/traits_h3nx_ha.json summary_95/div_tree/nt_muts/nt-muts_h3nx_ha.json summary_95/div_tree/aa_muts/aa-muts_h3nx_ha.json            --auspice-config data/config/auspice_config_h3nx.json             --include-root-sequence 			--colors data/config/colors_h3nx.tsv 			--lat-longs data/config/lat_longs_h3nx.tsv             --output summary_95/treesort_auspice/treesort_ha_h3nx.json
        
[Wed Jul 23 17:36:11 2025]
Finished job 1.
3 of 4 steps (75%) done
Select jobs to execute...

[Wed Jul 23 17:36:11 2025]
localrule all:
    input: summary_95/treesort_auspice/treesort_ha_h3nx.json
    jobid: 0
    reason: Input files updated by another job: summary_95/treesort_auspice/treesort_ha_h3nx.json
    resources: tmpdir=/tmp

[Wed Jul 23 17:36:11 2025]
Finished job 0.
4 of 4 steps (100%) done
Complete log: .snakemake/log/2025-07-23T173607.807489.snakemake.log
