Building DAG of jobs...
Using shell: /usr/bin/bash
Provided cores: 6
Rules claiming more threads will be scaled down.
Job stats:
job       count
------  -------
all           1
export        1
total         2

Resources before job selection: {'_cores': 6, '_nodes': 9223372036854775807}
Ready jobs (1)
Select jobs to execute...
Selected jobs (1)
Resources after job selection: {'_cores': 5, '_nodes': 9223372036854775806}

[Thu Jul 10 20:24:41 2025]
Job 1: Exporting data files for for auspice
Reason: Missing output files: summary_95/treesort_auspice/treesort_ha_h3nx.json


        augur export v2             --tree summary_95_CV/summary.nwk             --metadata data/meta/h3nx_ha.csv             --node-data summary_95_CV/summary_reassortment.json summary_95/traits/traits_h3nx_ha.json summary_95/div_tree/nt_muts/nt-muts_h3nx_ha.json summary_95/div_tree/aa_muts/aa-muts_h3nx_ha.json            --auspice-config data/config/auspice_config_h3nx.json             --include-root-sequence 			--colors data/config/colors_h3nx.tsv 			--lat-longs data/config/lat_longs_h3nx.tsv             --output summary_95/treesort_auspice/treesort_ha_h3nx.json
        
[Thu Jul 10 20:24:43 2025]
Finished job 1.
1 of 2 steps (50%) done
Resources before job selection: {'_cores': 6, '_nodes': 9223372036854775807}
Ready jobs (1)
Select jobs to execute...
Selected jobs (1)
Resources after job selection: {'_cores': 5, '_nodes': 9223372036854775806}

[Thu Jul 10 20:24:43 2025]
localrule all:
    input: summary_95/treesort_auspice/treesort_ha_h3nx.json
    jobid: 0
    reason: Input files updated by another job: summary_95/treesort_auspice/treesort_ha_h3nx.json
    resources: tmpdir=/tmp

[Thu Jul 10 20:24:43 2025]
Finished job 0.
2 of 2 steps (100%) done
Complete log: .snakemake/log/2025-07-10T202441.167949.snakemake.log
unlocking
removing lock
removing lock
removed all locks
