Building DAG of jobs...
Using shell: /usr/bin/bash
Provided cores: 6
Rules claiming more threads will be scaled down.
Job stats:
job          count
---------  -------
all              1
ancestral        1
export           1
traits           1
translate        1
total            5

Select jobs to execute...

[Thu Jul 31 18:43:44 2025]
Job 2: Inferring ancestral traits for host country region subtype order
Reason: Missing output files: summary_95/traits/traits_h3nx_ha.json


        augur traits             --tree data/tree/summary.nwk             --metadata data/meta/h3nx_ha.csv             --output summary_95/traits/traits_h3nx_ha.json             --columns host country region subtype order             --confidence
        

[Thu Jul 31 18:43:44 2025]
Job 3: Reconstructing ancestral sequences and mutations
Reason: Missing output files: summary_95/div_tree/nt_muts/nt-muts_h3nx_ha.json


        augur ancestral             --tree data/tree/summary.nwk             --alignment data/alignments/h3nx_ha.fasta             --output-node-data summary_95/div_tree/nt_muts/nt-muts_h3nx_ha.json             --inference joint            --keep-ambiguous
        
[Thu Jul 31 18:44:02 2025]
Finished job 3.
1 of 5 steps (20%) done
Select jobs to execute...

[Thu Jul 31 18:44:02 2025]
Job 4: Translating amino acid sequences
Reason: Missing output files: summary_95/div_tree/aa_muts/aa-muts_h3nx_ha.json; Input files updated by another job: summary_95/div_tree/nt_muts/nt-muts_h3nx_ha.json


        augur translate             --tree data/tree/summary.nwk             --ancestral-sequences summary_95/div_tree/nt_muts/nt-muts_h3nx_ha.json             --reference-sequence data/config/ref/h3nx_ha.gb             --output summary_95/div_tree/aa_muts/aa-muts_h3nx_ha.json
        
[Thu Jul 31 18:44:05 2025]
Finished job 4.
2 of 5 steps (40%) done
[Thu Jul 31 18:46:18 2025]
Finished job 2.
3 of 5 steps (60%) done
Select jobs to execute...

[Thu Jul 31 18:46:18 2025]
Job 1: Exporting data files for for auspice
Reason: Missing output files: summary_95/treesort_auspice/treesort_ha_h3nx.json; Input files updated by another job: summary_95/div_tree/aa_muts/aa-muts_h3nx_ha.json, summary_95/div_tree/nt_muts/nt-muts_h3nx_ha.json, summary_95/traits/traits_h3nx_ha.json


        augur export v2             --tree data/tree/summary.nwk             --metadata data/meta/h3nx_ha.csv             --node-data data/summary_reassortment.json summary_95/traits/traits_h3nx_ha.json summary_95/div_tree/nt_muts/nt-muts_h3nx_ha.json summary_95/div_tree/aa_muts/aa-muts_h3nx_ha.json            --auspice-config data/config/auspice_config_h3nx.json             --include-root-sequence 			--colors data/config/colors_h3nx.tsv 			--lat-longs data/config/lat_longs_h3nx.tsv             --output summary_95/treesort_auspice/treesort_ha_h3nx.json
        
[Thu Jul 31 18:46:34 2025]
Finished job 1.
4 of 5 steps (80%) done
Select jobs to execute...

[Thu Jul 31 18:46:34 2025]
localrule all:
    input: summary_95/treesort_auspice/treesort_ha_h3nx.json
    jobid: 0
    reason: Input files updated by another job: summary_95/treesort_auspice/treesort_ha_h3nx.json
    resources: tmpdir=/tmp

[Thu Jul 31 18:46:34 2025]
Finished job 0.
5 of 5 steps (100%) done
Complete log: .snakemake/log/2025-07-31T184344.561518.snakemake.log
